<?xml version="1.0" encoding="UTF-8"?>
<robot generator="Robot 7.3.1 (Python 3.13.3 on win32)" generated="2025-06-17T11:07:26.998044" rpa="false" schemaversion="5">
<suite id="s1" name="Demo" source="C:\tools\evershoptest\vscode\demo.robot">
<test id="s1-t1" name="login sucess" line="7">
<kw name="Open Browser" owner="SeleniumLibrary" type="SETUP">
<msg time="2025-06-17T11:07:27.533622" level="INFO">Opening browser 'firefox' to base url 'http://localhost:3000/admin'.</msg>
<arg>http://localhost:3000/admin</arg>
<doc>Opens a new browser instance to the optional ``url``.</doc>
<status status="PASS" start="2025-06-17T11:07:27.533350" elapsed="7.848157"/>
</kw>
<kw name="Input Text" owner="SeleniumLibrary">
<msg time="2025-06-17T11:07:35.385523" level="INFO">Typing text 'admin@mail.fr' into text field 'name=email'.</msg>
<arg>name=email</arg>
<arg>admin@mail.fr</arg>
<doc>Types the given ``text`` into the text field identified by ``locator``.</doc>
<status status="PASS" start="2025-06-17T11:07:35.384517" elapsed="0.200608"/>
</kw>
<kw name="Input Text" owner="SeleniumLibrary">
<msg time="2025-06-17T11:07:35.586076" level="INFO">Typing text 'password1' into text field 'name=password'.</msg>
<arg>name=password</arg>
<arg>password1</arg>
<doc>Types the given ``text`` into the text field identified by ``locator``.</doc>
<status status="PASS" start="2025-06-17T11:07:35.585647" elapsed="0.044220"/>
</kw>
<kw name="Click Button" owner="SeleniumLibrary">
<msg time="2025-06-17T11:07:35.630660" level="INFO">Clicking button 'css:.button.primary'.</msg>
<arg>css:.button.primary</arg>
<doc>Clicks the button identified by ``locator``.</doc>
<status status="PASS" start="2025-06-17T11:07:35.630386" elapsed="0.272636"/>
</kw>
<status status="PASS" start="2025-06-17T11:07:27.532137" elapsed="8.372495"/>
</test>
<status status="PASS" start="2025-06-17T11:07:26.999892" elapsed="8.906405"/>
</suite>
<statistics>
<total>
<stat pass="1" fail="0" skip="0">All Tests</stat>
</total>
<tag>
</tag>
<suite>
<stat name="Demo" id="s1" pass="1" fail="0" skip="0">Demo</stat>
</suite>
</statistics>
<errors>
</errors>
</robot>
