<?xml version="1.0" encoding="UTF-8"?>
<robot generator="Robot 7.3.1 (Python 3.13.3 on win32)" generated="2025-06-17T10:54:47.816570" rpa="false" schemaversion="5">
<suite id="s1" name="Evershoptest" source="C:\tools\evershoptest">
<suite id="s1-s1" name="Vscode" source="C:\tools\evershoptest\vscode">
<suite id="s1-s1-s1" name="Demo" source="C:\tools\evershoptest\vscode\demo.robot">
<test id="s1-s1-s1-t1" name="login sucess" line="7">
<kw name="Open Browser" owner="SeleniumLibrary" type="SETUP">
<msg time="2025-06-17T10:54:48.388804" level="INFO">Opening browser 'firefox' to base url 'http://localhost:3000/admin'.</msg>
<arg>http://localhost:3000/admin</arg>
<doc>Opens a new browser instance to the optional ``url``.</doc>
<status status="PASS" start="2025-06-17T10:54:48.388001" elapsed="47.040710"/>
</kw>
<kw name="Input Text" owner="SeleniumLibrary">
<msg time="2025-06-17T10:55:35.435987" level="INFO">Typing text 'admin@mail.fr' into text field 'name=email'.</msg>
<arg>name=email</arg>
<arg>admin@mail.fr</arg>
<doc>Types the given ``text`` into the text field identified by ``locator``.</doc>
<status status="PASS" start="2025-06-17T10:55:35.434734" elapsed="1.477742"/>
</kw>
<kw name="Input Text" owner="SeleniumLibrary">
<msg time="2025-06-17T10:55:36.914568" level="INFO">Typing text 'password1' into text field 'name=password'.</msg>
<arg>name=password</arg>
<arg>password1</arg>
<doc>Types the given ``text`` into the text field identified by ``locator``.</doc>
<status status="PASS" start="2025-06-17T10:55:36.913594" elapsed="0.162723"/>
</kw>
<kw name="Click Button" owner="SeleniumLibrary">
<msg time="2025-06-17T10:55:37.077525" level="INFO">Clicking button 'css:.button.primary'.</msg>
<arg>css:.button.primary</arg>
<doc>Clicks the button identified by ``locator``.</doc>
<status status="PASS" start="2025-06-17T10:55:37.076871" elapsed="0.348021"/>
</kw>
<status status="PASS" start="2025-06-17T10:54:48.384817" elapsed="49.040633"/>
</test>
<status status="PASS" start="2025-06-17T10:54:47.902513" elapsed="49.524575"/>
</suite>
<status status="PASS" start="2025-06-17T10:54:47.895726" elapsed="49.540408"/>
</suite>
<status status="PASS" start="2025-06-17T10:54:47.844346" elapsed="49.593926"/>
</suite>
<statistics>
<total>
<stat pass="1" fail="0" skip="0">All Tests</stat>
</total>
<tag>
</tag>
<suite>
<stat name="Evershoptest" id="s1" pass="1" fail="0" skip="0">Evershoptest</stat>
<stat name="Vscode" id="s1-s1" pass="1" fail="0" skip="0">Evershoptest.Vscode</stat>
<stat name="Demo" id="s1-s1-s1" pass="1" fail="0" skip="0">Evershoptest.Vscode.Demo</stat>
</suite>
</statistics>
<errors>
</errors>
</robot>
